This is pdfTeXk, Version 3.141592-1.40.3 (Web2C 7.5.6) (format=pdflatex 2010.2.4)  26 JUN 2010 20:24
entering extended mode
 %&-line parsing enabled.
**main.tex
(./main.tex
LaTeX2e <2005/12/01>
Babel <v3.8h> and hyphenation patterns for english, usenglishmax, dumylang, noh
yphenation, loaded.
(/usr/share/texmf-texlive/tex/latex/base/book.cls
Document Class: book 2005/09/16 v1.4f Standard LaTeX document class
(/usr/share/texmf-texlive/tex/latex/base/bk12.clo
File: bk12.clo 2005/09/16 v1.4f Standard LaTeX file (size option)
)
\c@part=\count79
\c@chapter=\count80
\c@section=\count81
\c@subsection=\count82
\c@subsubsection=\count83
\c@paragraph=\count84
\c@subparagraph=\count85
\c@figure=\count86
\c@table=\count87
\abovecaptionskip=\skip41
\belowcaptionskip=\skip42
\bibindent=\dimen102
)
(/usr/share/texmf-texlive/tex/latex/amsmath/amsmath.sty
Package: amsmath 2000/07/18 v2.13 AMS math features
\@mathmargin=\skip43

For additional information on amsmath, use the `?' option.
(/usr/share/texmf-texlive/tex/latex/amsmath/amstext.sty
Package: amstext 2000/06/29 v2.01

(/usr/share/texmf-texlive/tex/latex/amsmath/amsgen.sty
File: amsgen.sty 1999/11/30 v2.0
\@emptytoks=\toks14
\ex@=\dimen103
))
(/usr/share/texmf-texlive/tex/latex/amsmath/amsbsy.sty
Package: amsbsy 1999/11/29 v1.2d
\pmbraise@=\dimen104
)
(/usr/share/texmf-texlive/tex/latex/amsmath/amsopn.sty
Package: amsopn 1999/12/14 v2.01 operator names
)
\inf@bad=\count88
LaTeX Info: Redefining \frac on input line 211.
\uproot@=\count89
\leftroot@=\count90
LaTeX Info: Redefining \overline on input line 307.
\classnum@=\count91
\DOTSCASE@=\count92
LaTeX Info: Redefining \ldots on input line 379.
LaTeX Info: Redefining \dots on input line 382.
LaTeX Info: Redefining \cdots on input line 467.
\Mathstrutbox@=\box26
\strutbox@=\box27
\big@size=\dimen105
LaTeX Font Info:    Redeclaring font encoding OML on input line 567.
LaTeX Font Info:    Redeclaring font encoding OMS on input line 568.
\macc@depth=\count93
\c@MaxMatrixCols=\count94
\dotsspace@=\muskip10
\c@parentequation=\count95
\dspbrk@lvl=\count96
\tag@help=\toks15
\row@=\count97
\column@=\count98
\maxfields@=\count99
\andhelp@=\toks16
\eqnshift@=\dimen106
\alignsep@=\dimen107
\tagshift@=\dimen108
\tagwidth@=\dimen109
\totwidth@=\dimen110
\lineht@=\dimen111
\@envbody=\toks17
\multlinegap=\skip44
\multlinetaggap=\skip45
\mathdisplay@stack=\toks18
LaTeX Info: Redefining \[ on input line 2666.
LaTeX Info: Redefining \] on input line 2667.
)
(/usr/share/texmf-texlive/tex/latex/amsfonts/amssymb.sty
Package: amssymb 2002/01/22 v2.2d

(/usr/share/texmf-texlive/tex/latex/amsfonts/amsfonts.sty
Package: amsfonts 2001/10/25 v2.2f
\symAMSa=\mathgroup4
\symAMSb=\mathgroup5
LaTeX Font Info:    Overwriting math alphabet `\mathfrak' in version `bold'
(Font)                  U/euf/m/n --> U/euf/b/n on input line 132.
))
(/usr/share/texmf-texlive/tex/latex/oberdiek/epstopdf.sty
Package: epstopdf 2006/08/26 v1.3 Conversion with epstopdf on the fly (HO)


Package epstopdf Warning: No graphics package `graphic{s,x}' found.

) (/usr/share/texmf-texlive/tex/latex/tools/longtable.sty
Package: longtable 2004/02/01 v4.11 Multi-page Table package (DPC)
\LTleft=\skip46
\LTright=\skip47
\LTpre=\skip48
\LTpost=\skip49
\LTchunksize=\count100
\LTcapwidth=\dimen112
\LT@head=\box28
\LT@firsthead=\box29
\LT@foot=\box30
\LT@lastfoot=\box31
\LT@cols=\count101
\LT@rows=\count102
\c@LT@tables=\count103
\c@LT@chunks=\count104
\LT@p@ftn=\toks19
)
(/usr/share/texmf-texlive/tex/latex/graphics/color.sty
Package: color 2005/11/14 v1.0j Standard LaTeX Color (DPC)

(/etc/texmf/tex/latex/config/color.cfg
File: color.cfg 2007/01/18 v1.5 color configuration of teTeX/TeXLive
)
Package color Info: Driver file: pdftex.def on input line 130.

(/usr/share/texmf-texlive/tex/latex/pdftex-def/pdftex.def
File: pdftex.def 2007/01/08 v0.04d Graphics/color for pdfTeX
\Gread@gobject=\count105
))
(/usr/share/texmf-texlive/tex/latex/tools/indentfirst.sty
Package: indentfirst 1995/11/23 v1.03 Indent first paragraph (DPC)
) (./algorithm.sty
Package: algorithm 2009/08/24 v0.1 Document Style `algorithm' - floating enviro
nment

(/usr/share/texmf-texlive/tex/latex/float/float.sty
Package: float 2001/11/08 v1.3d Float enhancements (AL)
\c@float@type=\count106
\float@exts=\toks20
\float@box=\box32
\@float@everytoks=\toks21
\@floatcapt=\box33
)
(/usr/share/texmf-texlive/tex/latex/base/ifthen.sty
Package: ifthen 2001/05/26 v1.1c Standard LaTeX ifthen package (DPC)
)
\@float@every@algorithm=\toks22
\c@algorithm=\count107
) (./algorithmic.sty
Package: algorithmic 2009/08/24 v0.1 Document Style `algorithmic'

(/usr/share/texmf-texlive/tex/latex/graphics/keyval.sty
Package: keyval 1999/03/16 v1.13 key=value parser (DPC)
\KV@toks@=\toks23
)
\c@ALC@unique=\count108
\c@ALC@line=\count109
\c@ALC@rem=\count110
\c@ALC@depth=\count111
\ALC@tlm=\skip50
\algorithmicindent=\skip51
)
(/usr/share/texmf-texlive/tex/latex/hyperref/hyperref.sty
Package: hyperref 2007/02/07 v6.75r Hypertext links for LaTeX
\@linkdim=\dimen113
\Hy@linkcounter=\count112
\Hy@pagecounter=\count113

(/usr/share/texmf-texlive/tex/latex/hyperref/pd1enc.def
File: pd1enc.def 2007/02/07 v6.75r Hyperref: PDFDocEncoding definition (HO)
)
(/etc/texmf/tex/latex/config/hyperref.cfg
File: hyperref.cfg 2002/06/06 v1.2 hyperref configuration of TeXLive
)
(/usr/share/texmf-texlive/tex/latex/oberdiek/kvoptions.sty
Package: kvoptions 2006/08/22 v2.4 Connects package keyval with LaTeX options (
HO)
)
Package hyperref Info: Hyper figures OFF on input line 2288.
Package hyperref Info: Link nesting OFF on input line 2293.
Package hyperref Info: Hyper index ON on input line 2296.
Package hyperref Info: Plain pages OFF on input line 2303.
Package hyperref Info: Backreferencing OFF on input line 2308.

Implicit mode ON; LaTeX internals redefined
Package hyperref Info: Bookmarks ON on input line 2444.
(/usr/share/texmf-texlive/tex/latex/ltxmisc/url.sty
\Urlmuskip=\muskip11
Package: url 2005/06/27  ver 3.2  Verb mode for urls, etc.
)
LaTeX Info: Redefining \url on input line 2599.
\Fld@menulength=\count114
\Field@Width=\dimen114
\Fld@charsize=\dimen115
\Choice@toks=\toks24
\Field@toks=\toks25
Package hyperref Info: Hyper figures OFF on input line 3102.
Package hyperref Info: Link nesting OFF on input line 3107.
Package hyperref Info: Hyper index ON on input line 3110.
Package hyperref Info: backreferencing OFF on input line 3117.
Package hyperref Info: Link coloring OFF on input line 3122.
\Hy@abspage=\count115
\c@Item=\count116
\c@Hfootnote=\count117
)
*hyperref using default driver hpdftex*
(/usr/share/texmf-texlive/tex/latex/hyperref/hpdftex.def
File: hpdftex.def 2007/02/07 v6.75r Hyperref driver for pdfTeX
\Fld@listcount=\count118
)
(/usr/share/texmf-texlive/tex/latex/setspace/setspace.sty
Package: setspace 2000/12/01 6.7 Contributed and Supported LaTeX2e package

Package: `setspace' 6.7 <2000/12/01>
) (/usr/share/texmf-texlive/tex/latex/graphics/graphicx.sty
Package: graphicx 1999/02/16 v1.0f Enhanced LaTeX Graphics (DPC,SPQR)

(/usr/share/texmf-texlive/tex/latex/graphics/graphics.sty
Package: graphics 2006/02/20 v1.0o Standard LaTeX Graphics (DPC,SPQR)

(/usr/share/texmf-texlive/tex/latex/graphics/trig.sty
Package: trig 1999/03/16 v1.09 sin cos tan (DPC)
)
(/etc/texmf/tex/latex/config/graphics.cfg
File: graphics.cfg 2007/01/18 v1.5 graphics configuration of teTeX/TeXLive
)
Package graphics Info: Driver file: pdftex.def on input line 90.
)
\Gin@req@height=\dimen116
\Gin@req@width=\dimen117
)
(/usr/share/texmf-texlive/tex/latex/wrapfig/wrapfig.sty
\wrapoverhang=\dimen118
\WF@size=\dimen119
\c@WF@wrappedlines=\count119
\WF@box=\box34
\WF@everypar=\toks26
Package: wrapfig 2003/01/31  v 3.6
)
(/usr/share/texmf-texlive/tex/latex/subfig/subfig.sty
Package: subfig 2005/06/28 ver: 1.3 subfig package

(/usr/share/texmf-texlive/tex/latex/caption/caption.sty
Package: caption 2007/01/07 v3.0k Customising captions (AR)

(/usr/share/texmf-texlive/tex/latex/caption/caption3.sty
Package: caption3 2007/01/07 v3.0k caption3 kernel (AR)
\captionmargin=\dimen120
\captionmarginx=\dimen121
\captionwidth=\dimen122
\captionindent=\dimen123
\captionparindent=\dimen124
\captionhangindent=\dimen125
)
Package caption Info: float package v1.3 (or newer) detected on input line 275.

Package caption Info: hyperref package v6.74m (or newer) detected on input line
 304.
Package caption Info: longtable package v3.15 (or newer) detected on input line
 359.
)
\c@KVtest=\count120
\sf@farskip=\skip52
\sf@captopadj=\dimen126
\sf@capskip=\skip53
\sf@nearskip=\skip54
\c@subfigure=\count121
\c@subfigure@save=\count122
\c@lofdepth=\count123
\c@subtable=\count124
\c@subtable@save=\count125
\c@lotdepth=\count126
\sf@top=\skip55
\sf@bottom=\skip56
) (./main.aux
(./chapter1.aux) (./chapter2.aux

LaTeX Warning: Label `fig:thres1' multiply defined.

) (./chapter3.aux

LaTeX Warning: Label `fig:manh' multiply defined.


LaTeX Warning: Label `sub@fig:manh' multiply defined.

))
\openout1 = `main.aux'.

LaTeX Font Info:    Checking defaults for OML/cmm/m/it on input line 98.
LaTeX Font Info:    ... okay on input line 98.
LaTeX Font Info:    Checking defaults for T1/cmr/m/n on input line 98.
LaTeX Font Info:    ... okay on input line 98.
LaTeX Font Info:    Checking defaults for OT1/cmr/m/n on input line 98.
LaTeX Font Info:    ... okay on input line 98.
LaTeX Font Info:    Checking defaults for OMS/cmsy/m/n on input line 98.
LaTeX Font Info:    ... okay on input line 98.
LaTeX Font Info:    Checking defaults for OMX/cmex/m/n on input line 98.
LaTeX Font Info:    ... okay on input line 98.
LaTeX Font Info:    Checking defaults for U/cmr/m/n on input line 98.
LaTeX Font Info:    ... okay on input line 98.
LaTeX Font Info:    Checking defaults for PD1/pdf/m/n on input line 98.
LaTeX Font Info:    ... okay on input line 98.
Package hyperref Info: Link coloring OFF on input line 98.
 (/usr/share/texmf-texlive/tex/latex/hyperref/nameref.sty
Package: nameref 2006/12/27 v2.28 Cross-referencing by name of section

(/usr/share/texmf-texlive/tex/latex/oberdiek/refcount.sty
Package: refcount 2006/02/20 v3.0 Data extraction from references (HO)
)
\c@section@level=\count127
)
LaTeX Info: Redefining \ref on input line 98.
LaTeX Info: Redefining \pageref on input line 98.
 (./main.out)
(./main.out)
\@outlinefile=\write3
\openout3 = `main.out'.

 (/usr/share/texmf-texlive/tex/latex/ragged2e/ragged2e.sty
Package: ragged2e 2003/03/25 v2.04 ragged2e Package (MS)

(/usr/share/texmf-texlive/tex/latex/everysel/everysel.sty
Package: everysel 1999/06/08 v1.03 EverySelectfont Package (MS)
LaTeX Info: Redefining \selectfont on input line 125.
)
\CenteringLeftskip=\skip57
\RaggedLeftLeftskip=\skip58
\RaggedRightLeftskip=\skip59
\CenteringRightskip=\skip60
\RaggedLeftRightskip=\skip61
\RaggedRightRightskip=\skip62
\CenteringParfillskip=\skip63
\RaggedLeftParfillskip=\skip64
\RaggedRightParfillskip=\skip65
\JustifyingParfillskip=\skip66
\CenteringParindent=\skip67
\RaggedLeftParindent=\skip68
\RaggedRightParindent=\skip69
\JustifyingParindent=\skip70
)
Package caption Info: subref 1.2 or 1.3 detected on input line 98.
LaTeX Info: Redefining \subref on input line 98.
LaTeX Font Info:    Try loading font information for U+msa on input line 101.

(/usr/share/texmf-texlive/tex/latex/amsfonts/umsa.fd
File: umsa.fd 2002/01/19 v2.2g AMS font definitions
)
LaTeX Font Info:    Try loading font information for U+msb on input line 101.

(/usr/share/texmf-texlive/tex/latex/amsfonts/umsb.fd
File: umsb.fd 2002/01/19 v2.2g AMS font definitions
) [1


{/var/lib/texmf/fonts/map/pdftex/updmap/pdftex.map}] (./main.toc [2

])
\tf@toc=\write4
\openout4 = `main.toc'.

 [3] (./main.lof)
\tf@lof=\write5
\openout5 = `main.lof'.

 [4

] (./main.lot)
\tf@lot=\write6
\openout6 = `main.lot'.

 [5

]
\openout2 = `chapter1.aux'.

 (./chapter1.tex
Chapter 1.
) [1



]
\openout2 = `chapter2.aux'.

 (./chapter2.tex
Chapter 2.

Underfull \hbox (badness 10000) in paragraph at lines 17--26

 []


Underfull \hbox (badness 10000) in paragraph at lines 27--36

 []

[2




]
LaTeX Font Info:    Try loading font information for OMS+cmr on input line 44.
 (/usr/share/texmf-texlive/tex/latex/base/omscmr.fd
File: omscmr.fd 1999/05/25 v2.5h Standard LaTeX font definitions
)
LaTeX Font Info:    Font shape `OMS/cmr/m/n' in size <12> not available
(Font)              Font shape `OMS/cmsy/m/n' tried instead on input line 44.

<./images/thres/winter_o.png, id=225, 508.90125pt x 406.51875pt>
File: ./images/thres/winter_o.png Graphic file (type png)

<use ./images/thres/winter_o.png>
<./images/thres/winter_thres.png, id=226, 509.905pt x 406.51875pt>
File: ./images/thres/winter_thres.png Graphic file (type png)

<use ./images/thres/winter_thres.png> [3]
<./images/dt/dtref.png, id=236, 633.36626pt x 1024.82875pt>
File: ./images/dt/dtref.png Graphic file (type png)

<use ./images/dt/dtref.png>
Underfull \hbox (badness 10000) in paragraph at lines 100--112

 []

[4 <./images/thres/winter_o.png (PNG copy)> <./images/thres/winter_thres.png (P
NG copy)>] [5 <./images/dt/dtref.png>]
Underfull \hbox (badness 10000) in paragraph at lines 116--125

 []

<./images/skeleton/horsebinary.png, id=261, 190.7125pt x 96.36pt>
File: ./images/skeleton/horsebinary.png Graphic file (type png)

<use ./images/skeleton/horsebinary.png>
<./images/skeleton/horseskeleton.png, id=262, 190.7125pt x 96.36pt>
File: ./images/skeleton/horseskeleton.png Graphic file (type png)

<use ./images/skeleton/horseskeleton.png>
Underfull \hbox (badness 10000) in paragraph at lines 136--153

 []

[6 <./images/skeleton/horsebinary.png> <./images/skeleton/horseskeleton.png>]
Underfull \hbox (badness 10000) in paragraph at lines 168--187

 []


Underfull \hbox (badness 10000) in paragraph at lines 188--194

 []

[7]
Underfull \hbox (badness 10000) in paragraph at lines 195--222

 []


Overfull \hbox (7.39772pt too wide) in paragraph at lines 241--258
[]\OT1/cmr/m/n/12 A well stud-ied op-ti-miza-tion ap-proach for shape match-ing
 is Ac-tive Con-tour Mod-els (\OT1/cmr/m/it/12 Snakes\OT1/cmr/m/n/12 ),
 []


Underfull \hbox (badness 10000) in paragraph at lines 241--258

 []

[8]
Underfull \hbox (badness 10000) in paragraph at lines 275--286

 []

[9] [10]
Underfull \hbox (badness 10000) in paragraph at lines 333--340

 []

) [11]
\openout2 = `chapter3.aux'.

 (./chapter3.tex
Chapter 3.

Underfull \hbox (badness 10000) in paragraph at lines 23--38

 []


Underfull \hbox (badness 10000) in paragraph at lines 39--54

 []

[12




]
Underfull \hbox (badness 10000) in paragraph at lines 86--95

 []

[13] <./images/diagrams/design-methodology.png, id=355, 614.295pt x 794.97pt>
File: ./images/diagrams/design-methodology.png Graphic file (type png)

<use ./images/diagrams/design-methodology.png>

LaTeX Warning: Float too large for page by 38.9384pt on input line 102.


Underfull \hbox (badness 10000) in paragraph at lines 104--116

 []


Underfull \hbox (badness 10000) in paragraph at lines 117--131

 []

[14] [15 <./images/diagrams/design-methodology.png>]

LaTeX Warning: Reference `pathguessing' on page 16 undefined on input line 161.



Underfull \hbox (badness 10000) in paragraph at lines 157--162

 []


Underfull \hbox (badness 10000) in paragraph at lines 171--177

 []

[16]

LaTeX Warning: Reference `exp:thres' on page 17 undefined on input line 192.


Underfull \hbox (badness 10000) in paragraph at lines 185--195

 []

<./images/original.png, id=380, 501.875pt x 502.87875pt>
File: ./images/original.png Graphic file (type png)

<use ./images/original.png>
<./images/thres/worms.png, id=381, 501.875pt x 502.87875pt>
File: ./images/thres/worms.png Graphic file (type png)

<use ./images/thres/worms.png>

LaTeX Warning: Reference `sec:metcluster' on page 17 undefined on input line 21
7.

[17]
Underfull \hbox (badness 10000) in paragraph at lines 224--233

 []


LaTeX Warning: Reference `exp:dt' on page 18 undefined on input line 250.

[18 <./images/original.png (PNG copy)> <./images/thres/worms.png (PNG copy)>]
<./images/dt/binary.png, id=407, 778.91pt x 551.05875pt>
File: ./images/dt/binary.png Graphic file (type png)

<use ./images/dt/binary.png>
<./images/dt/manhattandt.png, id=408, 501.875pt x 355.3275pt>
File: ./images/dt/manhattandt.png Graphic file (type png)

<use ./images/dt/manhattandt.png>
<./images/dt/chessboarddt.png, id=409, 501.875pt x 355.3275pt>
File: ./images/dt/chessboarddt.png Graphic file (type png)

<use ./images/dt/chessboarddt.png>
<./images/dt/euclideandt.png, id=410, 501.875pt x 355.3275pt>
File: ./images/dt/euclideandt.png Graphic file (type png)

<use ./images/dt/euclideandt.png>
Underfull \hbox (badness 10000) in paragraph at lines 271--283

 []


Underfull \hbox (badness 10000) in paragraph at lines 287--294

 []

[19] [20 <./images/dt/binary.png> <./images/dt/manhattandt.png (PNG copy)> <./i
mages/dt/chessboarddt.png (PNG copy)> <./images/dt/euclideandt.png (PNG copy)>]

Underfull \hbox (badness 10000) in paragraph at lines 295--311

 []


Underfull \hbox (badness 10000) in paragraph at lines 312--325

 []

[21]
Package hyperref Info: bookmark level for unknown algorithm defaults to 0 on in
put line 331.
 <./images/skeleton/skeleton.png, id=443, 414.54875pt x 498.86375pt>
File: ./images/skeleton/skeleton.png Graphic file (type png)

<use ./images/skeleton/skeleton.png>
Underfull \hbox (badness 10000) in paragraph at lines 394--409

 []

[22 <./images/skeleton/skeleton.png (PNG copy)>] [23]
Underfull \hbox (badness 10000) in paragraph at lines 431--441

 []

[24] <./images/skeleton/directional.png, id=499, 363.3575pt x 170.6375pt>
File: ./images/skeleton/directional.png Graphic file (type png)

<use ./images/skeleton/directional.png> [25 <./images/skeleton/directional.png>
]
Underfull \hbox (badness 10000) in paragraph at lines 547--558

 []

[26]
Underfull \hbox (badness 10000) in paragraph at lines 559--567

 []

[27]
Underfull \hbox (badness 10000) in paragraph at lines 634--642

 []


LaTeX Warning: Reference `fig:descriptor' on page 28 undefined on input line 65
1.

[28] [29]
Underfull \hbox (badness 10000) in paragraph at lines 657--668

 []


LaTeX Warning: Reference `splines' on page 30 undefined on input line 673.

) [30] [31] (./main.bbl
Overfull \hbox (195.71335pt too wide) in paragraph at lines 53--58
[]\OT1/cmr/m/n/12 Bryan S. Morse.  Shape de-scrip-tion (re-gions).  http://home
pages.inf.ed.ac.uk/rbf/CVonline/LOCAL[]COPIES/MORSE/region-
 []

[32


]
Underfull \hbox (badness 4805) in paragraph at lines 103--106
[]\OT1/cmr/m/n/12 Marcel Luthi Thomas Al-brecht and Thomas Vet-ter.  De-formabl
e mod-els.
 []


Overfull \hbox (38.4463pt too wide) in paragraph at lines 124--127
[]\OT1/cmr/m/n/12 Wikipedia.  Topo-log-i-cal skele-ton.  http://en.wikipedia.or
g/wiki/Topological[]skeleton#cite[]note-
 []


Underfull \hbox (badness 1509) in paragraph at lines 129--133
[]\OT1/cmr/m/n/12 Wikipedia.  Thresh-old-ing(image pro-cess-ing).  []$\OT1/cmtt
/m/n/12 http : / / en . wikipedia . org / wiki /
 []

[33]) [34] (./main.aux (./chapter1.aux) (./chapter2.aux) (./chapter3.aux))

LaTeX Warning: There were undefined references.


LaTeX Warning: There were multiply-defined labels.

 ) 
Here is how much of TeX's memory you used:
 4979 strings out of 95086
 69402 string characters out of 1183256
 131441 words of memory out of 1500000
 7802 multiletter control sequences out of 10000+50000
 13886 words of font info for 53 fonts, out of 1200000 for 2000
 28 hyphenation exceptions out of 8191
 43i,10n,50p,273b,805s stack positions out of 5000i,500n,6000p,200000b,5000s
</usr/share/texmf-texlive/fonts/type1/bluesky/cm/cmbx12.pfb></usr/share/texmf
-texlive/fonts/type1/bluesky/cm/cmmi12.pfb></usr/share/texmf-texlive/fonts/type
1/bluesky/cm/cmmi8.pfb></usr/share/texmf-texlive/fonts/type1/bluesky/cm/cmr10.p
fb></usr/share/texmf-texlive/fonts/type1/bluesky/cm/cmr12.pfb></usr/share/texmf
-texlive/fonts/type1/bluesky/cm/cmr17.pfb></usr/share/texmf-texlive/fonts/type1
/bluesky/cm/cmr8.pfb></usr/share/texmf-texlive/fonts/type1/bluesky/cm/cmsl12.pf
b></usr/share/texmf-texlive/fonts/type1/bluesky/cm/cmsy10.pfb></usr/share/texmf
-texlive/fonts/type1/bluesky/cm/cmsy8.pfb></usr/share/texmf-texlive/fonts/type1
/bluesky/cm/cmti12.pfb></usr/share/texmf-texlive/fonts/type1/bluesky/cm/cmtt12.
pfb>
Output written on main.pdf (39 pages, 1582853 bytes).
PDF statistics:
 697 PDF objects out of 1000 (max. 8388607)
 216 named destinations out of 1000 (max. 131072)
 319 words of extra memory for PDF output out of 10000 (max. 10000000)

